<?xml version="1.0" encoding="UTF-8"?>
<!-- Generated by org.testng.reporters.JUnitXMLReporter -->
<testsuite hostname="VR" ignored="0" name="Default test" tests="19" failures="0" timestamp="2020-04-09T14:58:17 IST" time="2.183" errors="0">
  <testcase name="@BeforeMethod initiateBrowser" time="-1.586424497004E9" classname="common.ProjectSpecificMethods">
    <failure type="org.testng.TestNGException" message="
Parameter &amp;apos;url&amp;apos; is required by BeforeMethod on method initiateBrowser but has not been marked @Optional or defined
in C:\Users\vinot\AppData\Local\Temp\testng-eclipse--1984097622\testng-customsuite.xml">
      <![CDATA[org.testng.TestNGException: 
Parameter 'url' is required by BeforeMethod on method initiateBrowser but has not been marked @Optional or defined
in C:\Users\vinot\AppData\Local\Temp\testng-eclipse--1984097622\testng-customsuite.xml
at org.testng.internal.Parameters.createParams(Parameters.java:289)
at org.testng.internal.Parameters.createParametersForMethod(Parameters.java:377)
at org.testng.internal.Parameters.createParameters(Parameters.java:721)
at org.testng.internal.Parameters.createConfigurationParameters(Parameters.java:164)
at org.testng.internal.ConfigInvoker.invokeConfigurations(ConfigInvoker.java:275)
at org.testng.internal.TestInvoker.runConfigMethods(TestInvoker.java:683)
at org.testng.internal.TestInvoker.invokeMethod(TestInvoker.java:510)
at org.testng.internal.TestInvoker.invokeTestMethod(TestInvoker.java:172)
at org.testng.internal.MethodRunner.runInSequence(MethodRunner.java:46)
at org.testng.internal.TestInvoker$MethodInvocationAgent.invoke(TestInvoker.java:804)
at org.testng.internal.TestInvoker.invokeTestMethods(TestInvoker.java:145)
at org.testng.internal.TestMethodWorker.invokeTestMethods(TestMethodWorker.java:146)
at org.testng.internal.TestMethodWorker.run(TestMethodWorker.java:128)
at java.util.ArrayList.forEach(Unknown Source)
at org.testng.TestRunner.privateRun(TestRunner.java:770)
at org.testng.TestRunner.run(TestRunner.java:591)
at org.testng.SuiteRunner.runTest(SuiteRunner.java:402)
at org.testng.SuiteRunner.runSequentially(SuiteRunner.java:396)
at org.testng.SuiteRunner.privateRun(SuiteRunner.java:355)
at org.testng.SuiteRunner.run(SuiteRunner.java:304)
at org.testng.SuiteRunnerWorker.runSuite(SuiteRunnerWorker.java:53)
at org.testng.SuiteRunnerWorker.run(SuiteRunnerWorker.java:96)
at org.testng.TestNG.runSuitesSequentially(TestNG.java:1180)
at org.testng.TestNG.runSuitesLocally(TestNG.java:1102)
at org.testng.TestNG.runSuites(TestNG.java:1032)
at org.testng.TestNG.run(TestNG.java:1000)
at org.testng.remote.AbstractRemoteTestNG.run(AbstractRemoteTestNG.java:115)
at org.testng.remote.RemoteTestNG.initAndRun(RemoteTestNG.java:251)
at org.testng.remote.RemoteTestNG.main(RemoteTestNG.java:77)
]]>
    </failure>
  </testcase> <!-- @BeforeMethod initiateBrowser -->
  <testcase name="@AfterMethod closeBrowser" time="-1.586424497041E9" classname="common.ProjectSpecificMethods">
    <skipped/>
  </testcase> <!-- @AfterMethod closeBrowser -->
  <testcase name="@BeforeMethod initiateBrowser" time="-1.586424497044E9" classname="common.ProjectSpecificMethods">
    <skipped/>
  </testcase> <!-- @BeforeMethod initiateBrowser -->
  <testcase name="@AfterMethod closeBrowser" time="-1.586424497056E9" classname="common.ProjectSpecificMethods">
    <skipped/>
  </testcase> <!-- @AfterMethod closeBrowser -->
  <testcase name="@BeforeMethod initiateBrowser" time="-1.586424497068E9" classname="common.ProjectSpecificMethods">
    <skipped/>
  </testcase> <!-- @BeforeMethod initiateBrowser -->
  <testcase name="@AfterMethod closeBrowser" time="-1.586424497099E9" classname="common.ProjectSpecificMethods">
    <skipped/>
  </testcase> <!-- @AfterMethod closeBrowser -->
  <testcase name="@BeforeMethod initiateBrowser" time="-1.586424497101E9" classname="common.ProjectSpecificMethods">
    <skipped/>
  </testcase> <!-- @BeforeMethod initiateBrowser -->
  <testcase name="@AfterMethod closeBrowser" time="-1.586424497108E9" classname="common.ProjectSpecificMethods">
    <skipped/>
  </testcase> <!-- @AfterMethod closeBrowser -->
  <testcase name="@BeforeMethod initiateBrowser" time="-1.58642449711E9" classname="common.ProjectSpecificMethods">
    <skipped/>
  </testcase> <!-- @BeforeMethod initiateBrowser -->
  <testcase name="@AfterMethod closeBrowser" time="-1.586424497121E9" classname="common.ProjectSpecificMethods">
    <skipped/>
  </testcase> <!-- @AfterMethod closeBrowser -->
  <testcase name="@BeforeMethod initiateBrowser" time="-1.586424497125E9" classname="common.ProjectSpecificMethods">
    <skipped/>
  </testcase> <!-- @BeforeMethod initiateBrowser -->
  <testcase name="@AfterMethod closeBrowser" time="-1.586424497136E9" classname="common.ProjectSpecificMethods">
    <skipped/>
  </testcase> <!-- @AfterMethod closeBrowser -->
  <testcase name="@BeforeMethod initiateBrowser" time="-1.586424497137E9" classname="common.ProjectSpecificMethods">
    <skipped/>
  </testcase> <!-- @BeforeMethod initiateBrowser -->
  <testcase name="@AfterMethod closeBrowser" time="-1.586424497142E9" classname="common.ProjectSpecificMethods">
    <skipped/>
  </testcase> <!-- @AfterMethod closeBrowser -->
  <testcase name="@BeforeMethod initiateBrowser" time="-1.586424497172E9" classname="common.ProjectSpecificMethods">
    <skipped/>
  </testcase> <!-- @BeforeMethod initiateBrowser -->
  <testcase name="@AfterMethod closeBrowser" time="-1.586424497184E9" classname="common.ProjectSpecificMethods">
    <skipped/>
  </testcase> <!-- @AfterMethod closeBrowser -->
  <testcase name="@BeforeMethod initiateBrowser" time="-1.586424497188E9" classname="common.ProjectSpecificMethods">
    <skipped/>
  </testcase> <!-- @BeforeMethod initiateBrowser -->
  <testcase name="@AfterMethod closeBrowser" time="-1.586424497193E9" classname="common.ProjectSpecificMethods">
    <skipped/>
  </testcase> <!-- @AfterMethod closeBrowser -->
  <testcase name="@BeforeMethod initiateBrowser" time="-1.586424497195E9" classname="common.ProjectSpecificMethods">
    <skipped/>
  </testcase> <!-- @BeforeMethod initiateBrowser -->
  <testcase name="@AfterMethod closeBrowser" time="-1.586424497207E9" classname="common.ProjectSpecificMethods">
    <skipped/>
  </testcase> <!-- @AfterMethod closeBrowser -->
  <testcase name="@BeforeMethod initiateBrowser" time="-1.586424497209E9" classname="common.ProjectSpecificMethods">
    <skipped/>
  </testcase> <!-- @BeforeMethod initiateBrowser -->
  <testcase name="@AfterMethod closeBrowser" time="-1.586424497213E9" classname="common.ProjectSpecificMethods">
    <skipped/>
  </testcase> <!-- @AfterMethod closeBrowser -->
  <testcase name="@BeforeMethod initiateBrowser" time="-1.586424497215E9" classname="common.ProjectSpecificMethods">
    <skipped/>
  </testcase> <!-- @BeforeMethod initiateBrowser -->
  <testcase name="@AfterMethod closeBrowser" time="-1.586424497219E9" classname="common.ProjectSpecificMethods">
    <skipped/>
  </testcase> <!-- @AfterMethod closeBrowser -->
  <testcase name="@BeforeMethod initiateBrowser" time="-1.586424497221E9" classname="common.ProjectSpecificMethods">
    <skipped/>
  </testcase> <!-- @BeforeMethod initiateBrowser -->
  <testcase name="@AfterMethod closeBrowser" time="-1.58642449725E9" classname="common.ProjectSpecificMethods">
    <skipped/>
  </testcase> <!-- @AfterMethod closeBrowser -->
  <testcase name="@BeforeMethod initiateBrowser" time="-1.586424497252E9" classname="common.ProjectSpecificMethods">
    <skipped/>
  </testcase> <!-- @BeforeMethod initiateBrowser -->
  <testcase name="@AfterMethod closeBrowser" time="-1.586424497255E9" classname="common.ProjectSpecificMethods">
    <skipped/>
  </testcase> <!-- @AfterMethod closeBrowser -->
  <testcase name="@BeforeMethod initiateBrowser" time="-1.586424497257E9" classname="common.ProjectSpecificMethods">
    <skipped/>
  </testcase> <!-- @BeforeMethod initiateBrowser -->
  <testcase name="@AfterMethod closeBrowser" time="-1.586424497261E9" classname="common.ProjectSpecificMethods">
    <skipped/>
  </testcase> <!-- @AfterMethod closeBrowser -->
  <testcase name="@BeforeMethod initiateBrowser" time="-1.586424497262E9" classname="common.ProjectSpecificMethods">
    <skipped/>
  </testcase> <!-- @BeforeMethod initiateBrowser -->
  <testcase name="@AfterMethod closeBrowser" time="-1.586424497268E9" classname="common.ProjectSpecificMethods">
    <skipped/>
  </testcase> <!-- @AfterMethod closeBrowser -->
  <testcase name="@BeforeMethod initiateBrowser" time="-1.58642449727E9" classname="common.ProjectSpecificMethods">
    <skipped/>
  </testcase> <!-- @BeforeMethod initiateBrowser -->
  <testcase name="@AfterMethod closeBrowser" time="-1.586424497275E9" classname="common.ProjectSpecificMethods">
    <skipped/>
  </testcase> <!-- @AfterMethod closeBrowser -->
  <testcase name="@BeforeMethod initiateBrowser" time="-1.586424497277E9" classname="common.ProjectSpecificMethods">
    <skipped/>
  </testcase> <!-- @BeforeMethod initiateBrowser -->
  <testcase name="@AfterMethod closeBrowser" time="-1.586424497283E9" classname="common.ProjectSpecificMethods">
    <skipped/>
  </testcase> <!-- @AfterMethod closeBrowser -->
  <testcase name="@BeforeMethod initiateBrowser" time="-1.586424497284E9" classname="common.ProjectSpecificMethods">
    <skipped/>
  </testcase> <!-- @BeforeMethod initiateBrowser -->
  <testcase name="@AfterMethod closeBrowser" time="-1.586424497288E9" classname="common.ProjectSpecificMethods">
    <skipped/>
  </testcase> <!-- @AfterMethod closeBrowser -->
  <testcase name="normalAppointmentFlow" time="0.0" classname="testcases.TC_005_NormalAppointmentFlow">
    <skipped/>
  </testcase> <!-- normalAppointmentFlow -->
  <testcase name="normalAppointmentFlow" time="0.0" classname="testcases.TC_005_NormalAppointmentFlow">
    <skipped/>
  </testcase> <!-- normalAppointmentFlow -->
  <testcase name="normalAppointmentFlow" time="0.0" classname="testcases.TC_005_NormalAppointmentFlow">
    <skipped/>
  </testcase> <!-- normalAppointmentFlow -->
  <testcase name="normalAppointmentFlow" time="0.0" classname="testcases.TC_005_NormalAppointmentFlow">
    <skipped/>
  </testcase> <!-- normalAppointmentFlow -->
  <testcase name="normalAppointmentFlow" time="0.0" classname="testcases.TC_005_NormalAppointmentFlow">
    <skipped/>
  </testcase> <!-- normalAppointmentFlow -->
  <testcase name="normalAppointmentFlow" time="0.0" classname="testcases.TC_005_NormalAppointmentFlow">
    <skipped/>
  </testcase> <!-- normalAppointmentFlow -->
  <testcase name="normalAppointmentFlow" time="0.0" classname="testcases.TC_005_NormalAppointmentFlow">
    <skipped/>
  </testcase> <!-- normalAppointmentFlow -->
  <testcase name="normalAppointmentFlow" time="0.0" classname="testcases.TC_005_NormalAppointmentFlow">
    <skipped/>
  </testcase> <!-- normalAppointmentFlow -->
  <testcase name="normalAppointmentFlow" time="0.0" classname="testcases.TC_005_NormalAppointmentFlow">
    <skipped/>
  </testcase> <!-- normalAppointmentFlow -->
  <testcase name="normalAppointmentFlow" time="0.0" classname="testcases.TC_005_NormalAppointmentFlow">
    <skipped/>
  </testcase> <!-- normalAppointmentFlow -->
  <testcase name="normalAppointmentFlow" time="0.0" classname="testcases.TC_005_NormalAppointmentFlow">
    <skipped/>
  </testcase> <!-- normalAppointmentFlow -->
  <testcase name="normalAppointmentFlow" time="0.0" classname="testcases.TC_005_NormalAppointmentFlow">
    <skipped/>
  </testcase> <!-- normalAppointmentFlow -->
  <testcase name="normalAppointmentFlow" time="0.0" classname="testcases.TC_005_NormalAppointmentFlow">
    <skipped/>
  </testcase> <!-- normalAppointmentFlow -->
  <testcase name="normalAppointmentFlow" time="0.0" classname="testcases.TC_005_NormalAppointmentFlow">
    <skipped/>
  </testcase> <!-- normalAppointmentFlow -->
  <testcase name="normalAppointmentFlow" time="0.0" classname="testcases.TC_005_NormalAppointmentFlow">
    <skipped/>
  </testcase> <!-- normalAppointmentFlow -->
  <testcase name="normalAppointmentFlow" time="0.0" classname="testcases.TC_005_NormalAppointmentFlow">
    <skipped/>
  </testcase> <!-- normalAppointmentFlow -->
  <testcase name="normalAppointmentFlow" time="0.0" classname="testcases.TC_005_NormalAppointmentFlow">
    <skipped/>
  </testcase> <!-- normalAppointmentFlow -->
  <testcase name="normalAppointmentFlow" time="0.0" classname="testcases.TC_005_NormalAppointmentFlow">
    <skipped/>
  </testcase> <!-- normalAppointmentFlow -->
  <testcase name="normalAppointmentFlow" time="0.0" classname="testcases.TC_005_NormalAppointmentFlow">
    <skipped/>
  </testcase> <!-- normalAppointmentFlow -->
</testsuite> <!-- Default test -->
