<?xml version="1.0" encoding="UTF-8"?>
<!-- Generated by org.testng.reporters.JUnitXMLReporter -->
<testsuite hostname="VR" ignored="0" name="NormalAppointmentFlow" tests="19" failures="18" timestamp="2020-04-09T18:55:28 IST" time="867.236" errors="0">
  <testcase name="normalAppointmentFlow" time="25.702" classname="testcases.TC_005_NormalAppointmentFlow">
    <failure type="java.lang.RuntimeException">
      <![CDATA[java.lang.RuntimeException
at pages.ApplicantDetailsPage.clickSubmit(ApplicantDetailsPage.java:72)
at testcases.TC_005_NormalAppointmentFlow.normalAppointmentFlow(TC_005_NormalAppointmentFlow.java:41)
at java.util.ArrayList.forEach(Unknown Source)
... Removed 27 stack frames]]>
    </failure>
  </testcase> <!-- normalAppointmentFlow -->
  <testcase name="normalAppointmentFlow" time="23.738" classname="testcases.TC_005_NormalAppointmentFlow">
    <failure type="java.lang.RuntimeException">
      <![CDATA[java.lang.RuntimeException
at pages.ApplicantDetailsPage.clickSubmit(ApplicantDetailsPage.java:72)
at testcases.TC_005_NormalAppointmentFlow.normalAppointmentFlow(TC_005_NormalAppointmentFlow.java:41)
at java.util.ArrayList.forEach(Unknown Source)
... Removed 27 stack frames]]>
    </failure>
  </testcase> <!-- normalAppointmentFlow -->
  <testcase name="normalAppointmentFlow" time="22.231" classname="testcases.TC_005_NormalAppointmentFlow">
    <failure type="java.lang.RuntimeException">
      <![CDATA[java.lang.RuntimeException
at pages.ApplicantDetailsPage.clickSubmit(ApplicantDetailsPage.java:72)
at testcases.TC_005_NormalAppointmentFlow.normalAppointmentFlow(TC_005_NormalAppointmentFlow.java:41)
at java.util.ArrayList.forEach(Unknown Source)
... Removed 27 stack frames]]>
    </failure>
  </testcase> <!-- normalAppointmentFlow -->
  <testcase name="normalAppointmentFlow" time="21.917" classname="testcases.TC_005_NormalAppointmentFlow">
    <failure type="java.lang.RuntimeException">
      <![CDATA[java.lang.RuntimeException
at pages.ApplicantDetailsPage.clickSubmit(ApplicantDetailsPage.java:72)
at testcases.TC_005_NormalAppointmentFlow.normalAppointmentFlow(TC_005_NormalAppointmentFlow.java:41)
at java.util.ArrayList.forEach(Unknown Source)
... Removed 27 stack frames]]>
    </failure>
  </testcase> <!-- normalAppointmentFlow -->
  <testcase name="normalAppointmentFlow" time="22.816" classname="testcases.TC_005_NormalAppointmentFlow">
    <failure type="java.lang.RuntimeException">
      <![CDATA[java.lang.RuntimeException
at pages.ApplicantDetailsPage.clickSubmit(ApplicantDetailsPage.java:72)
at testcases.TC_005_NormalAppointmentFlow.normalAppointmentFlow(TC_005_NormalAppointmentFlow.java:41)
at java.util.ArrayList.forEach(Unknown Source)
... Removed 27 stack frames]]>
    </failure>
  </testcase> <!-- normalAppointmentFlow -->
  <testcase name="normalAppointmentFlow" time="22.668" classname="testcases.TC_005_NormalAppointmentFlow">
    <failure type="java.lang.RuntimeException">
      <![CDATA[java.lang.RuntimeException
at pages.ApplicantDetailsPage.clickSubmit(ApplicantDetailsPage.java:72)
at testcases.TC_005_NormalAppointmentFlow.normalAppointmentFlow(TC_005_NormalAppointmentFlow.java:41)
at java.util.ArrayList.forEach(Unknown Source)
... Removed 27 stack frames]]>
    </failure>
  </testcase> <!-- normalAppointmentFlow -->
  <testcase name="normalAppointmentFlow" time="45.963" classname="testcases.TC_005_NormalAppointmentFlow"/>
  <testcase name="normalAppointmentFlow" time="20.829" classname="testcases.TC_005_NormalAppointmentFlow">
    <failure type="java.lang.RuntimeException">
      <![CDATA[java.lang.RuntimeException
at pages.ApplicantDetailsPage.clickSubmit(ApplicantDetailsPage.java:72)
at testcases.TC_005_NormalAppointmentFlow.normalAppointmentFlow(TC_005_NormalAppointmentFlow.java:41)
at java.util.ArrayList.forEach(Unknown Source)
... Removed 27 stack frames]]>
    </failure>
  </testcase> <!-- normalAppointmentFlow -->
  <testcase name="normalAppointmentFlow" time="20.916" classname="testcases.TC_005_NormalAppointmentFlow">
    <failure type="java.lang.RuntimeException">
      <![CDATA[java.lang.RuntimeException
at pages.ApplicantDetailsPage.clickSubmit(ApplicantDetailsPage.java:72)
at testcases.TC_005_NormalAppointmentFlow.normalAppointmentFlow(TC_005_NormalAppointmentFlow.java:41)
at java.util.ArrayList.forEach(Unknown Source)
... Removed 27 stack frames]]>
    </failure>
  </testcase> <!-- normalAppointmentFlow -->
  <testcase name="normalAppointmentFlow" time="21.116" classname="testcases.TC_005_NormalAppointmentFlow">
    <failure type="java.lang.RuntimeException">
      <![CDATA[java.lang.RuntimeException
at pages.ApplicantDetailsPage.clickSubmit(ApplicantDetailsPage.java:72)
at testcases.TC_005_NormalAppointmentFlow.normalAppointmentFlow(TC_005_NormalAppointmentFlow.java:41)
at java.util.ArrayList.forEach(Unknown Source)
... Removed 27 stack frames]]>
    </failure>
  </testcase> <!-- normalAppointmentFlow -->
  <testcase name="normalAppointmentFlow" time="20.445" classname="testcases.TC_005_NormalAppointmentFlow">
    <failure type="java.lang.RuntimeException">
      <![CDATA[java.lang.RuntimeException
at pages.ApplicantDetailsPage.clickSubmit(ApplicantDetailsPage.java:72)
at testcases.TC_005_NormalAppointmentFlow.normalAppointmentFlow(TC_005_NormalAppointmentFlow.java:41)
at java.util.ArrayList.forEach(Unknown Source)
... Removed 27 stack frames]]>
    </failure>
  </testcase> <!-- normalAppointmentFlow -->
  <testcase name="normalAppointmentFlow" time="20.837" classname="testcases.TC_005_NormalAppointmentFlow">
    <failure type="java.lang.RuntimeException">
      <![CDATA[java.lang.RuntimeException
at pages.ApplicantDetailsPage.clickSubmit(ApplicantDetailsPage.java:72)
at testcases.TC_005_NormalAppointmentFlow.normalAppointmentFlow(TC_005_NormalAppointmentFlow.java:41)
at java.util.ArrayList.forEach(Unknown Source)
... Removed 27 stack frames]]>
    </failure>
  </testcase> <!-- normalAppointmentFlow -->
  <testcase name="normalAppointmentFlow" time="42.679" classname="testcases.TC_005_NormalAppointmentFlow">
    <failure type="org.openqa.selenium.TimeoutException" message="Expected condition failed: waiting for visibility of element located by By.id: phone (tried for 20 second(s) with 500 milliseconds interval)">
      <![CDATA[org.openqa.selenium.TimeoutException: Expected condition failed: waiting for visibility of element located by By.id: phone (tried for 20 second(s) with 500 milliseconds interval)
at org.openqa.selenium.support.ui.WebDriverWait.timeoutException(WebDriverWait.java:95)
at org.openqa.selenium.support.ui.FluentWait.until(FluentWait.java:272)
at base.BaseClass.locateElement(BaseClass.java:262)
at pages.PrimaryContactPage.enterSponsorMobileNumber(PrimaryContactPage.java:21)
at testcases.TC_005_NormalAppointmentFlow.normalAppointmentFlow(TC_005_NormalAppointmentFlow.java:42)
at java.util.ArrayList.forEach(Unknown Source)
Caused by: org.openqa.selenium.NoSuchElementException: no such element: Unable to locate element: {"method":"css selector","selector":"#phone"}
  (Session info: chrome=80.0.3987.149)
For documentation on this error, please visit: https://www.seleniumhq.org/exceptions/no_such_element.html
Build info: version: '3.141.59', revision: 'e82be7d358', time: '2018-11-14T08:17:03'
System info: host: 'VR', ip: '192.168.0.107', os.name: 'Windows 10', os.arch: 'amd64', os.version: '10.0', java.version: '1.8.0_171'
Driver info: org.openqa.selenium.chrome.ChromeDriver
Capabilities {acceptInsecureCerts: false, browserName: chrome, browserVersion: 80.0.3987.149, chrome: {chromedriverVersion: 80.0.3987.106 (f68069574609..., userDataDir: C:\Users\vinot\AppData\Loca...}, goog:chromeOptions: {debuggerAddress: localhost:61600}, javascriptEnabled: true, networkConnectionEnabled: false, pageLoadStrategy: normal, platform: WINDOWS, platformName: WINDOWS, proxy: Proxy(), setWindowRect: true, strictFileInteractability: false, timeouts: {implicit: 0, pageLoad: 300000, script: 30000}, unhandledPromptBehavior: dismiss and notify}
Session ID: 94185764c05a8b028348505bb7c50821
*** Element info: {Using=id, value=phone}
at org.openqa.selenium.remote.http.W3CHttpResponseCodec.createException(W3CHttpResponseCodec.java:187)
at org.openqa.selenium.remote.http.W3CHttpResponseCodec.decode(W3CHttpResponseCodec.java:122)
at org.openqa.selenium.remote.http.W3CHttpResponseCodec.decode(W3CHttpResponseCodec.java:49)
at org.openqa.selenium.remote.HttpCommandExecutor.execute(HttpCommandExecutor.java:158)
at org.openqa.selenium.remote.service.DriverCommandExecutor.execute(DriverCommandExecutor.java:83)
at org.openqa.selenium.remote.RemoteWebDriver.execute(RemoteWebDriver.java:552)
at org.openqa.selenium.remote.RemoteWebDriver.findElement(RemoteWebDriver.java:323)
at org.openqa.selenium.remote.RemoteWebDriver.findElementById(RemoteWebDriver.java:372)
at org.openqa.selenium.By$ById.findElement(By.java:188)
at org.openqa.selenium.remote.RemoteWebDriver.findElement(RemoteWebDriver.java:315)
at org.openqa.selenium.support.ui.ExpectedConditions$7.apply(ExpectedConditions.java:205)
at org.openqa.selenium.support.ui.ExpectedConditions$7.apply(ExpectedConditions.java:201)
at org.openqa.selenium.support.ui.FluentWait.until(FluentWait.java:249)
... 31 more
... Removed 30 stack frames]]>
    </failure>
  </testcase> <!-- normalAppointmentFlow -->
  <testcase name="normalAppointmentFlow" time="47.903" classname="testcases.TC_005_NormalAppointmentFlow">
    <failure type="org.openqa.selenium.TimeoutException" message="Expected condition failed: waiting for visibility of element located by By.id: phone (tried for 20 second(s) with 500 milliseconds interval)">
      <![CDATA[org.openqa.selenium.TimeoutException: Expected condition failed: waiting for visibility of element located by By.id: phone (tried for 20 second(s) with 500 milliseconds interval)
at org.openqa.selenium.support.ui.WebDriverWait.timeoutException(WebDriverWait.java:95)
at org.openqa.selenium.support.ui.FluentWait.until(FluentWait.java:272)
at base.BaseClass.locateElement(BaseClass.java:262)
at pages.PrimaryContactPage.enterSponsorMobileNumber(PrimaryContactPage.java:21)
at testcases.TC_005_NormalAppointmentFlow.normalAppointmentFlow(TC_005_NormalAppointmentFlow.java:42)
at java.util.ArrayList.forEach(Unknown Source)
Caused by: org.openqa.selenium.NoSuchElementException: no such element: Unable to locate element: {"method":"css selector","selector":"#phone"}
  (Session info: chrome=80.0.3987.149)
For documentation on this error, please visit: https://www.seleniumhq.org/exceptions/no_such_element.html
Build info: version: '3.141.59', revision: 'e82be7d358', time: '2018-11-14T08:17:03'
System info: host: 'VR', ip: '192.168.0.107', os.name: 'Windows 10', os.arch: 'amd64', os.version: '10.0', java.version: '1.8.0_171'
Driver info: org.openqa.selenium.chrome.ChromeDriver
Capabilities {acceptInsecureCerts: false, browserName: chrome, browserVersion: 80.0.3987.149, chrome: {chromedriverVersion: 80.0.3987.106 (f68069574609..., userDataDir: C:\Users\vinot\AppData\Loca...}, goog:chromeOptions: {debuggerAddress: localhost:61680}, javascriptEnabled: true, networkConnectionEnabled: false, pageLoadStrategy: normal, platform: WINDOWS, platformName: WINDOWS, proxy: Proxy(), setWindowRect: true, strictFileInteractability: false, timeouts: {implicit: 0, pageLoad: 300000, script: 30000}, unhandledPromptBehavior: dismiss and notify}
Session ID: 86d89e4da01f1f82718e9a6749640b94
*** Element info: {Using=id, value=phone}
at org.openqa.selenium.remote.http.W3CHttpResponseCodec.createException(W3CHttpResponseCodec.java:187)
at org.openqa.selenium.remote.http.W3CHttpResponseCodec.decode(W3CHttpResponseCodec.java:122)
at org.openqa.selenium.remote.http.W3CHttpResponseCodec.decode(W3CHttpResponseCodec.java:49)
at org.openqa.selenium.remote.HttpCommandExecutor.execute(HttpCommandExecutor.java:158)
at org.openqa.selenium.remote.service.DriverCommandExecutor.execute(DriverCommandExecutor.java:83)
at org.openqa.selenium.remote.RemoteWebDriver.execute(RemoteWebDriver.java:552)
at org.openqa.selenium.remote.RemoteWebDriver.findElement(RemoteWebDriver.java:323)
at org.openqa.selenium.remote.RemoteWebDriver.findElementById(RemoteWebDriver.java:372)
at org.openqa.selenium.By$ById.findElement(By.java:188)
at org.openqa.selenium.remote.RemoteWebDriver.findElement(RemoteWebDriver.java:315)
at org.openqa.selenium.support.ui.ExpectedConditions$7.apply(ExpectedConditions.java:205)
at org.openqa.selenium.support.ui.ExpectedConditions$7.apply(ExpectedConditions.java:201)
at org.openqa.selenium.support.ui.FluentWait.until(FluentWait.java:249)
... 31 more
... Removed 30 stack frames]]>
    </failure>
  </testcase> <!-- normalAppointmentFlow -->
  <testcase name="normalAppointmentFlow" time="24.012" classname="testcases.TC_005_NormalAppointmentFlow">
    <failure type="java.lang.RuntimeException">
      <![CDATA[java.lang.RuntimeException
at pages.ApplicantDetailsPage.clickSubmit(ApplicantDetailsPage.java:72)
at testcases.TC_005_NormalAppointmentFlow.normalAppointmentFlow(TC_005_NormalAppointmentFlow.java:41)
at java.util.ArrayList.forEach(Unknown Source)
... Removed 27 stack frames]]>
    </failure>
  </testcase> <!-- normalAppointmentFlow -->
  <testcase name="normalAppointmentFlow" time="23.69" classname="testcases.TC_005_NormalAppointmentFlow">
    <failure type="java.lang.RuntimeException">
      <![CDATA[java.lang.RuntimeException
at pages.ApplicantDetailsPage.clickSubmit(ApplicantDetailsPage.java:72)
at testcases.TC_005_NormalAppointmentFlow.normalAppointmentFlow(TC_005_NormalAppointmentFlow.java:41)
at java.util.ArrayList.forEach(Unknown Source)
... Removed 27 stack frames]]>
    </failure>
  </testcase> <!-- normalAppointmentFlow -->
  <testcase name="normalAppointmentFlow" time="41.938" classname="testcases.TC_005_NormalAppointmentFlow">
    <failure type="org.openqa.selenium.TimeoutException" message="Expected condition failed: waiting for visibility of element located by By.id: phone (tried for 20 second(s) with 500 milliseconds interval)">
      <![CDATA[org.openqa.selenium.TimeoutException: Expected condition failed: waiting for visibility of element located by By.id: phone (tried for 20 second(s) with 500 milliseconds interval)
at org.openqa.selenium.support.ui.WebDriverWait.timeoutException(WebDriverWait.java:95)
at org.openqa.selenium.support.ui.FluentWait.until(FluentWait.java:272)
at base.BaseClass.locateElement(BaseClass.java:262)
at pages.PrimaryContactPage.enterSponsorMobileNumber(PrimaryContactPage.java:21)
at testcases.TC_005_NormalAppointmentFlow.normalAppointmentFlow(TC_005_NormalAppointmentFlow.java:42)
at java.util.ArrayList.forEach(Unknown Source)
Caused by: org.openqa.selenium.NoSuchElementException: no such element: Unable to locate element: {"method":"css selector","selector":"#phone"}
  (Session info: chrome=80.0.3987.149)
For documentation on this error, please visit: https://www.seleniumhq.org/exceptions/no_such_element.html
Build info: version: '3.141.59', revision: 'e82be7d358', time: '2018-11-14T08:17:03'
System info: host: 'VR', ip: '192.168.0.107', os.name: 'Windows 10', os.arch: 'amd64', os.version: '10.0', java.version: '1.8.0_171'
Driver info: org.openqa.selenium.chrome.ChromeDriver
Capabilities {acceptInsecureCerts: false, browserName: chrome, browserVersion: 80.0.3987.149, chrome: {chromedriverVersion: 80.0.3987.106 (f68069574609..., userDataDir: C:\Users\vinot\AppData\Loca...}, goog:chromeOptions: {debuggerAddress: localhost:61917}, javascriptEnabled: true, networkConnectionEnabled: false, pageLoadStrategy: normal, platform: WINDOWS, platformName: WINDOWS, proxy: Proxy(), setWindowRect: true, strictFileInteractability: false, timeouts: {implicit: 0, pageLoad: 300000, script: 30000}, unhandledPromptBehavior: dismiss and notify}
Session ID: bbc90a19b2b733ccc2872837320fa6f0
*** Element info: {Using=id, value=phone}
at org.openqa.selenium.remote.http.W3CHttpResponseCodec.createException(W3CHttpResponseCodec.java:187)
at org.openqa.selenium.remote.http.W3CHttpResponseCodec.decode(W3CHttpResponseCodec.java:122)
at org.openqa.selenium.remote.http.W3CHttpResponseCodec.decode(W3CHttpResponseCodec.java:49)
at org.openqa.selenium.remote.HttpCommandExecutor.execute(HttpCommandExecutor.java:158)
at org.openqa.selenium.remote.service.DriverCommandExecutor.execute(DriverCommandExecutor.java:83)
at org.openqa.selenium.remote.RemoteWebDriver.execute(RemoteWebDriver.java:552)
at org.openqa.selenium.remote.RemoteWebDriver.findElement(RemoteWebDriver.java:323)
at org.openqa.selenium.remote.RemoteWebDriver.findElementById(RemoteWebDriver.java:372)
at org.openqa.selenium.By$ById.findElement(By.java:188)
at org.openqa.selenium.remote.RemoteWebDriver.findElement(RemoteWebDriver.java:315)
at org.openqa.selenium.support.ui.ExpectedConditions$7.apply(ExpectedConditions.java:205)
at org.openqa.selenium.support.ui.ExpectedConditions$7.apply(ExpectedConditions.java:201)
at org.openqa.selenium.support.ui.FluentWait.until(FluentWait.java:249)
... 30 more
... Removed 29 stack frames]]>
    </failure>
  </testcase> <!-- normalAppointmentFlow -->
  <testcase name="normalAppointmentFlow" time="22.176" classname="testcases.TC_005_NormalAppointmentFlow">
    <failure type="java.lang.RuntimeException">
      <![CDATA[java.lang.RuntimeException
at pages.ApplicantDetailsPage.clickSubmit(ApplicantDetailsPage.java:72)
at testcases.TC_005_NormalAppointmentFlow.normalAppointmentFlow(TC_005_NormalAppointmentFlow.java:41)
at java.util.ArrayList.forEach(Unknown Source)
... Removed 26 stack frames]]>
    </failure>
  </testcase> <!-- normalAppointmentFlow -->
  <testcase name="normalAppointmentFlow" time="22.543" classname="testcases.TC_005_NormalAppointmentFlow">
    <failure type="java.lang.RuntimeException">
      <![CDATA[java.lang.RuntimeException
at pages.ApplicantDetailsPage.clickSubmit(ApplicantDetailsPage.java:72)
at testcases.TC_005_NormalAppointmentFlow.normalAppointmentFlow(TC_005_NormalAppointmentFlow.java:41)
at java.util.ArrayList.forEach(Unknown Source)
... Removed 26 stack frames]]>
    </failure>
  </testcase> <!-- normalAppointmentFlow -->
</testsuite> <!-- NormalAppointmentFlow -->
