<?xml version="1.0" encoding="UTF-8"?>
<testng-results skipped="0" failed="1" ignored="8" total="13" passed="4">
  <reporter-output>
  </reporter-output>
  <suite name="QVC" duration-ms="256489" started-at="2020-04-16T19:56:09 IST" finished-at="2020-04-16T20:00:26 IST">
    <groups>
    </groups>
    <test name="NormalAppointmentFlow" duration-ms="256489" started-at="2020-04-16T19:56:09 IST" finished-at="2020-04-16T20:00:26 IST">
      <class name="testcases.TC_008_WaitList">
        <test-method status="PASS" signature="setExcelValue()[pri:0, instance:testcases.TC_008_WaitList@51e2adc7]" name="setExcelValue" is-config="true" duration-ms="1" started-at="2020-04-16T19:56:09 IST" finished-at="2020-04-16T19:56:09 IST">
          <reporter-output>
          </reporter-output>
        </test-method> <!-- setExcelValue -->
        <test-method status="PASS" signature="report()[pri:0, instance:testcases.TC_008_WaitList@51e2adc7]" name="report" is-config="true" duration-ms="0" started-at="2020-04-16T19:59:00 IST" finished-at="2020-04-16T19:59:00 IST">
          <reporter-output>
          </reporter-output>
        </test-method> <!-- report -->
        <test-method status="PASS" signature="initiateBrowser(java.lang.String)[pri:0, instance:testcases.TC_008_WaitList@51e2adc7]" name="initiateBrowser" is-config="true" duration-ms="12904" started-at="2020-04-16T19:59:00 IST" finished-at="2020-04-16T19:59:13 IST">
          <params>
            <param index="0">
              <value>
                <![CDATA[https://beta.qatarvisacenter.com/]]>
              </value>
            </param>
          </params>
          <reporter-output>
          </reporter-output>
        </test-method> <!-- initiateBrowser -->
        <test-method status="PASS" signature="waitListMethod(java.lang.String, java.lang.String, java.lang.String, java.lang.String, java.lang.String)[pri:0, instance:testcases.TC_008_WaitList@51e2adc7]" name="waitListMethod" duration-ms="29271" started-at="2020-04-16T19:59:13 IST" data-provider="getVisaDetails" finished-at="2020-04-16T19:59:42 IST">
          <params>
            <param index="0">
              <value>
                <![CDATA[English]]>
              </value>
            </param>
            <param index="1">
              <value>
                <![CDATA[Sri Lanka]]>
              </value>
            </param>
            <param index="2">
              <value>
                <![CDATA[AAA12345AA]]>
              </value>
            </param>
            <param index="3">
              <value>
                <![CDATA[032018000116]]>
              </value>
            </param>
            <param index="4">
              <value>
                <![CDATA[17 April]]>
              </value>
            </param>
          </params>
          <reporter-output>
          </reporter-output>
        </test-method> <!-- waitListMethod -->
        <test-method status="PASS" signature="closeBrowser()[pri:0, instance:testcases.TC_008_WaitList@51e2adc7]" name="closeBrowser" is-config="true" duration-ms="4152" started-at="2020-04-16T19:59:42 IST" finished-at="2020-04-16T19:59:46 IST">
          <reporter-output>
          </reporter-output>
        </test-method> <!-- closeBrowser -->
      </class> <!-- testcases.TC_008_WaitList -->
      <class name="testcases.TC_009_RePrint">
        <test-method status="PASS" signature="setExcelValue()[pri:0, instance:testcases.TC_009_RePrint@1a8a8f7c]" name="setExcelValue" is-config="true" duration-ms="1" started-at="2020-04-16T19:56:09 IST" finished-at="2020-04-16T19:56:09 IST">
          <reporter-output>
          </reporter-output>
        </test-method> <!-- setExcelValue -->
        <test-method status="PASS" signature="report()[pri:0, instance:testcases.TC_009_RePrint@1a8a8f7c]" name="report" is-config="true" duration-ms="1" started-at="2020-04-16T19:59:46 IST" finished-at="2020-04-16T19:59:46 IST">
          <reporter-output>
          </reporter-output>
        </test-method> <!-- report -->
        <test-method status="PASS" signature="initiateBrowser(java.lang.String)[pri:0, instance:testcases.TC_009_RePrint@1a8a8f7c]" name="initiateBrowser" is-config="true" duration-ms="13122" started-at="2020-04-16T19:59:46 IST" finished-at="2020-04-16T19:59:59 IST">
          <params>
            <param index="0">
              <value>
                <![CDATA[https://beta.qatarvisacenter.com/]]>
              </value>
            </param>
          </params>
          <reporter-output>
          </reporter-output>
        </test-method> <!-- initiateBrowser -->
        <test-method status="PASS" signature="reprintMethod(java.lang.String, java.lang.String, java.lang.String, java.lang.String)[pri:0, instance:testcases.TC_009_RePrint@1a8a8f7c]" name="reprintMethod" duration-ms="22263" started-at="2020-04-16T19:59:59 IST" data-provider="getVisaDetails" finished-at="2020-04-16T20:00:22 IST">
          <params>
            <param index="0">
              <value>
                <![CDATA[English]]>
              </value>
            </param>
            <param index="1">
              <value>
                <![CDATA[Sri Lanka]]>
              </value>
            </param>
            <param index="2">
              <value>
                <![CDATA[AAA12345AA]]>
              </value>
            </param>
            <param index="3">
              <value>
                <![CDATA[032018000116]]>
              </value>
            </param>
          </params>
          <reporter-output>
          </reporter-output>
        </test-method> <!-- reprintMethod -->
        <test-method status="PASS" signature="closeBrowser()[pri:0, instance:testcases.TC_009_RePrint@1a8a8f7c]" name="closeBrowser" is-config="true" duration-ms="4135" started-at="2020-04-16T20:00:22 IST" finished-at="2020-04-16T20:00:26 IST">
          <reporter-output>
          </reporter-output>
        </test-method> <!-- closeBrowser -->
      </class> <!-- testcases.TC_009_RePrint -->
      <class name="testcases.TC_005_NormalAppointmentFlow">
        <test-method status="PASS" signature="startReport()[pri:0, instance:testcases.TC_005_NormalAppointmentFlow@307f6b8c]" name="startReport" is-config="true" duration-ms="222" started-at="2020-04-16T19:56:09 IST" finished-at="2020-04-16T19:56:09 IST">
          <reporter-output>
          </reporter-output>
        </test-method> <!-- startReport -->
        <test-method status="PASS" signature="setExcelValues()[pri:0, instance:testcases.TC_005_NormalAppointmentFlow@307f6b8c]" name="setExcelValues" is-config="true" duration-ms="1" started-at="2020-04-16T19:56:09 IST" finished-at="2020-04-16T19:56:09 IST">
          <reporter-output>
          </reporter-output>
        </test-method> <!-- setExcelValues -->
        <test-method status="PASS" signature="report()[pri:0, instance:testcases.TC_005_NormalAppointmentFlow@307f6b8c]" name="report" is-config="true" duration-ms="25" started-at="2020-04-16T19:56:09 IST" finished-at="2020-04-16T19:56:09 IST">
          <reporter-output>
          </reporter-output>
        </test-method> <!-- report -->
        <test-method status="PASS" signature="initiateBrowser(java.lang.String)[pri:0, instance:testcases.TC_005_NormalAppointmentFlow@307f6b8c]" name="initiateBrowser" is-config="true" duration-ms="20475" started-at="2020-04-16T19:56:11 IST" finished-at="2020-04-16T19:56:31 IST">
          <params>
            <param index="0">
              <value>
                <![CDATA[https://beta.qatarvisacenter.com/]]>
              </value>
            </param>
          </params>
          <reporter-output>
          </reporter-output>
        </test-method> <!-- initiateBrowser -->
        <test-method status="FAIL" signature="normalAppointmentFlow(java.lang.String, java.lang.String, java.lang.String, java.lang.String, java.lang.String, java.lang.String, java.lang.String, java.lang.String, java.lang.String, java.lang.String, java.lang.String, java.lang.String)[pri:0, instance:testcases.TC_005_NormalAppointmentFlow@307f6b8c]" name="normalAppointmentFlow" duration-ms="25512" started-at="2020-04-16T19:56:31 IST" data-provider="getVisaDetails" finished-at="2020-04-16T19:56:57 IST">
          <params>
            <param index="0">
              <value>
                <![CDATA[English]]>
              </value>
            </param>
            <param index="1">
              <value>
                <![CDATA[Sri Lanka]]>
              </value>
            </param>
            <param index="2">
              <value>
                <![CDATA[AAA12345AA]]>
              </value>
            </param>
            <param index="3">
              <value>
                <![CDATA[032018000116]]>
              </value>
            </param>
            <param index="4">
              <value>
                <![CDATA[009749595424]]>
              </value>
            </param>
            <param index="5">
              <value>
                <![CDATA[Vinoth@yahoo.co.in.com]]>
              </value>
            </param>
            <param index="6">
              <value>
                <![CDATA[vinodhan@gmail.com]]>
              </value>
            </param>
            <param index="7">
              <value>
                <![CDATA[009465689865659]]>
              </value>
            </param>
            <param index="8">
              <value>
                <![CDATA[Normal]]>
              </value>
            </param>
            <param index="9">
              <value>
                <![CDATA[Colombo]]>
              </value>
            </param>
            <param index="10">
              <value>
                <![CDATA[30 April]]>
              </value>
            </param>
            <param index="11">
              <value>
                <![CDATA[10:30]]>
              </value>
            </param>
          </params>
          <exception class="java.lang.RuntimeException">
            <full-stacktrace>
              <![CDATA[java.lang.RuntimeException
at pages.ApplicantDetailsPage.clickSubmit(ApplicantDetailsPage.java:73)
at testcases.TC_005_NormalAppointmentFlow.normalAppointmentFlow(TC_005_NormalAppointmentFlow.java:42)
at sun.reflect.NativeMethodAccessorImpl.invoke0(Native Method)
at sun.reflect.NativeMethodAccessorImpl.invoke(Unknown Source)
at sun.reflect.DelegatingMethodAccessorImpl.invoke(Unknown Source)
at java.lang.reflect.Method.invoke(Unknown Source)
at org.testng.internal.MethodInvocationHelper.invokeMethod(MethodInvocationHelper.java:133)
at org.testng.internal.TestInvoker.invokeMethod(TestInvoker.java:584)
at org.testng.internal.TestInvoker.invokeTestMethod(TestInvoker.java:172)
at org.testng.internal.MethodRunner.runInSequence(MethodRunner.java:46)
at org.testng.internal.TestInvoker$MethodInvocationAgent.invoke(TestInvoker.java:804)
at org.testng.internal.TestInvoker.invokeTestMethods(TestInvoker.java:145)
at org.testng.internal.TestMethodWorker.invokeTestMethods(TestMethodWorker.java:146)
at org.testng.internal.TestMethodWorker.run(TestMethodWorker.java:128)
at java.util.ArrayList.forEach(Unknown Source)
at org.testng.TestRunner.privateRun(TestRunner.java:770)
at org.testng.TestRunner.run(TestRunner.java:591)
at org.testng.SuiteRunner.runTest(SuiteRunner.java:402)
at org.testng.SuiteRunner.runSequentially(SuiteRunner.java:396)
at org.testng.SuiteRunner.privateRun(SuiteRunner.java:355)
at org.testng.SuiteRunner.run(SuiteRunner.java:304)
at org.testng.SuiteRunnerWorker.runSuite(SuiteRunnerWorker.java:53)
at org.testng.SuiteRunnerWorker.run(SuiteRunnerWorker.java:96)
at org.testng.TestNG.runSuitesSequentially(TestNG.java:1180)
at org.testng.TestNG.runSuitesLocally(TestNG.java:1102)
at org.testng.TestNG.runSuites(TestNG.java:1032)
at org.testng.TestNG.run(TestNG.java:1000)
at org.testng.remote.AbstractRemoteTestNG.run(AbstractRemoteTestNG.java:115)
at org.testng.remote.RemoteTestNG.initAndRun(RemoteTestNG.java:251)
at org.testng.remote.RemoteTestNG.main(RemoteTestNG.java:77)
]]>
            </full-stacktrace>
          </exception> <!-- java.lang.RuntimeException -->
          <reporter-output>
          </reporter-output>
        </test-method> <!-- normalAppointmentFlow -->
        <test-method status="PASS" signature="closeBrowser()[pri:0, instance:testcases.TC_005_NormalAppointmentFlow@307f6b8c]" name="closeBrowser" is-config="true" duration-ms="4169" started-at="2020-04-16T19:56:57 IST" finished-at="2020-04-16T19:57:01 IST">
          <reporter-output>
          </reporter-output>
        </test-method> <!-- closeBrowser -->
        <test-method status="PASS" signature="stopReport()[pri:0, instance:testcases.TC_005_NormalAppointmentFlow@307f6b8c]" name="stopReport" is-config="true" duration-ms="2340" started-at="2020-04-16T20:00:26 IST" finished-at="2020-04-16T20:00:28 IST">
          <reporter-output>
          </reporter-output>
        </test-method> <!-- stopReport -->
      </class> <!-- testcases.TC_005_NormalAppointmentFlow -->
      <class name="testcases.TC_007_Reschedule">
        <test-method status="PASS" signature="setExcelValue()[pri:0, instance:testcases.TC_007_Reschedule@6f195bc3]" name="setExcelValue" is-config="true" duration-ms="1" started-at="2020-04-16T19:56:09 IST" finished-at="2020-04-16T19:56:09 IST">
          <reporter-output>
          </reporter-output>
        </test-method> <!-- setExcelValue -->
        <test-method status="PASS" signature="report()[pri:0, instance:testcases.TC_007_Reschedule@6f195bc3]" name="report" is-config="true" duration-ms="0" started-at="2020-04-16T19:58:04 IST" finished-at="2020-04-16T19:58:04 IST">
          <reporter-output>
          </reporter-output>
        </test-method> <!-- report -->
        <test-method status="PASS" signature="initiateBrowser(java.lang.String)[pri:0, instance:testcases.TC_007_Reschedule@6f195bc3]" name="initiateBrowser" is-config="true" duration-ms="18970" started-at="2020-04-16T19:58:04 IST" finished-at="2020-04-16T19:58:23 IST">
          <params>
            <param index="0">
              <value>
                <![CDATA[https://beta.qatarvisacenter.com/]]>
              </value>
            </param>
          </params>
          <reporter-output>
          </reporter-output>
        </test-method> <!-- initiateBrowser -->
        <test-method status="PASS" signature="rescheduleMethod(java.lang.String, java.lang.String, java.lang.String, java.lang.String, java.lang.String, java.lang.String, java.lang.String)[pri:0, instance:testcases.TC_007_Reschedule@6f195bc3]" name="rescheduleMethod" duration-ms="35869" started-at="2020-04-16T19:58:23 IST" data-provider="getVisaDetails" finished-at="2020-04-16T19:58:59 IST">
          <params>
            <param index="0">
              <value>
                <![CDATA[English]]>
              </value>
            </param>
            <param index="1">
              <value>
                <![CDATA[Sri Lanka]]>
              </value>
            </param>
            <param index="2">
              <value>
                <![CDATA[AAA12345AA]]>
              </value>
            </param>
            <param index="3">
              <value>
                <![CDATA[032018000116]]>
              </value>
            </param>
            <param index="4">
              <value>
                <![CDATA[Colombo]]>
              </value>
            </param>
            <param index="5">
              <value>
                <![CDATA[20 April]]>
              </value>
            </param>
            <param index="6">
              <value>
                <![CDATA[16:15]]>
              </value>
            </param>
          </params>
          <reporter-output>
          </reporter-output>
        </test-method> <!-- rescheduleMethod -->
        <test-method status="PASS" signature="closeBrowser()[pri:0, instance:testcases.TC_007_Reschedule@6f195bc3]" name="closeBrowser" is-config="true" duration-ms="571" started-at="2020-04-16T19:58:59 IST" finished-at="2020-04-16T19:59:00 IST">
          <reporter-output>
          </reporter-output>
        </test-method> <!-- closeBrowser -->
      </class> <!-- testcases.TC_007_Reschedule -->
      <class name="testcases.TC_006_ModifyDetails">
        <test-method status="PASS" signature="setExcelValues()[pri:0, instance:testcases.TC_006_ModifyDetails@7a187f14]" name="setExcelValues" is-config="true" duration-ms="0" started-at="2020-04-16T19:56:09 IST" finished-at="2020-04-16T19:56:09 IST">
          <reporter-output>
          </reporter-output>
        </test-method> <!-- setExcelValues -->
        <test-method status="PASS" signature="report()[pri:0, instance:testcases.TC_006_ModifyDetails@7a187f14]" name="report" is-config="true" duration-ms="1" started-at="2020-04-16T19:57:01 IST" finished-at="2020-04-16T19:57:01 IST">
          <reporter-output>
          </reporter-output>
        </test-method> <!-- report -->
        <test-method status="PASS" signature="initiateBrowser(java.lang.String)[pri:0, instance:testcases.TC_006_ModifyDetails@7a187f14]" name="initiateBrowser" is-config="true" duration-ms="27696" started-at="2020-04-16T19:57:02 IST" finished-at="2020-04-16T19:57:29 IST">
          <params>
            <param index="0">
              <value>
                <![CDATA[https://beta.qatarvisacenter.com/]]>
              </value>
            </param>
          </params>
          <reporter-output>
          </reporter-output>
        </test-method> <!-- initiateBrowser -->
        <test-method status="PASS" signature="modifyDetailsMethod(java.lang.String, java.lang.String, java.lang.String, java.lang.String, java.lang.String, java.lang.String, java.lang.String, java.lang.String)[pri:0, instance:testcases.TC_006_ModifyDetails@7a187f14]" name="modifyDetailsMethod" duration-ms="30688" started-at="2020-04-16T19:57:29 IST" data-provider="getVisaDetails" finished-at="2020-04-16T19:58:00 IST">
          <params>
            <param index="0">
              <value>
                <![CDATA[English]]>
              </value>
            </param>
            <param index="1">
              <value>
                <![CDATA[Sri Lanka]]>
              </value>
            </param>
            <param index="2">
              <value>
                <![CDATA[AAA12345AA]]>
              </value>
            </param>
            <param index="3">
              <value>
                <![CDATA[032018000116]]>
              </value>
            </param>
            <param index="4">
              <value>
                <![CDATA[009741111111]]>
              </value>
            </param>
            <param index="5">
              <value>
                <![CDATA[spns@gmail.com]]>
              </value>
            </param>
            <param index="6">
              <value>
                <![CDATA[apllcnt@gmail.com]]>
              </value>
            </param>
            <param index="7">
              <value>
                <![CDATA[009465689865659]]>
              </value>
            </param>
          </params>
          <reporter-output>
          </reporter-output>
        </test-method> <!-- modifyDetailsMethod -->
        <test-method status="PASS" signature="closeBrowser()[pri:0, instance:testcases.TC_006_ModifyDetails@7a187f14]" name="closeBrowser" is-config="true" duration-ms="4147" started-at="2020-04-16T19:58:00 IST" finished-at="2020-04-16T19:58:04 IST">
          <reporter-output>
          </reporter-output>
        </test-method> <!-- closeBrowser -->
      </class> <!-- testcases.TC_006_ModifyDetails -->
    </test> <!-- NormalAppointmentFlow -->
  </suite> <!-- QVC -->
</testng-results>
